\BOOKMARK [0][-]{chapter.1}{\376\377\000C\000i\000b\000e\000r\000s\000e\000g\000u\000r\000a\000n\000\347\000a\000\040\000n\000o\000\040\000g\000e\000r\000a\000l}{}% 1
\BOOKMARK [1][-]{section.1.1}{\376\377\000C\000o\000n\000c\000e\000i\000t\000o}{chapter.1}% 2
\BOOKMARK [1][-]{section.1.2}{\376\377\000T\000i\000p\000o\000s\000\040\000d\000e\000\040\000a\000m\000e\000a\000\347\000a\000s}{chapter.1}% 3
\BOOKMARK [2][-]{subsection.1.2.1}{\376\377\000A\000m\000e\000a\000\347\000a\000s\000\040\000c\000i\000b\000e\000r\000n\000\351\000t\000i\000c\000a\000s}{section.1.2}% 4
\BOOKMARK [2][-]{subsection.1.2.2}{\376\377\000G\000u\000e\000r\000r\000a\000s\000\040\000c\000i\000b\000e\000r\000n\000\351\000t\000i\000c\000a\000s}{section.1.2}% 5
\BOOKMARK [2][-]{subsection.1.2.3}{\376\377\000I\000n\000t\000e\000r\000n\000e\000t\000\040\000b\000a\000n\000k\000i\000n\000g}{section.1.2}% 6
\BOOKMARK [2][-]{subsection.1.2.4}{\376\377\000M\000o\000b\000i\000l\000e\000\040\000M\000a\000l\000w\000a\000r\000e}{section.1.2}% 7
\BOOKMARK [1][-]{section.1.3}{\376\377\000P\000r\000o\000g\000r\000a\000m\000a\000\347\000\343\000o\000\040\000a\000p\000l\000i\000c\000a\000d\000a\000\040\000\340\000\040\000C\000i\000b\000e\000r\000s\000e\000g\000u\000r\000a\000n\000\347\000a}{chapter.1}% 8
\BOOKMARK [2][-]{subsection.1.3.1}{\376\377\000L\000i\000n\000g\000u\000a\000g\000e\000n\000s\000\040\000m\000a\000i\000s\000\040\000u\000s\000a\000d\000a\000s\000\040\000e\000m\000\040\000h\000a\000c\000k\000i\000n\000g}{section.1.3}% 9
\BOOKMARK [2][-]{subsection.1.3.2}{\376\377\000S\000i\000s\000t\000e\000m\000a\000s\000\040\000o\000p\000e\000r\000a\000t\000i\000v\000o\000s\000\040\000u\000s\000a\000d\000o\000s\000\040\000e\000m\000\040\000h\000a\000c\000k\000i\000n\000g}{section.1.3}% 10
\BOOKMARK [0][-]{chapter.2}{\376\377\000V\000u\000l\000n\000e\000r\000a\000b\000i\000l\000i\000d\000a\000d\000e\000s}{}% 11
\BOOKMARK [1][-]{section.2.1}{\376\377\000A\000n\000\341\000l\000i\000s\000e\000\040\000d\000e\000\040\000v\000u\000l\000n\000e\000r\000a\000b\000i\000l\000i\000d\000a\000d\000e\000s}{chapter.2}% 12
\BOOKMARK [2][-]{subsection.2.1.1}{\376\377\000D\000i\000g\000i\000t\000a\000l\000\040\000F\000o\000r\000e\000n\000s\000i\000c\000s}{section.2.1}% 13
\BOOKMARK [2][-]{subsection.2.1.2}{\376\377\000M\000\351\000t\000o\000d\000o\000s\000\040\000d\000e\000\040\000A\000n\000\341\000l\000i\000s\000e}{section.2.1}% 14
\BOOKMARK [2][-]{subsection.2.1.3}{\376\377\000I\000n\000c\000i\000d\000e\000n\000t\000\040\000R\000e\000s\000p\000o\000n\000s\000e}{section.2.1}% 15
\BOOKMARK [1][-]{section.2.2}{\376\377\000A\000n\000\341\000l\000i\000s\000e\000\040\000d\000e\000\040\000e\000v\000i\000d\000\352\000n\000c\000i\000a\000s}{chapter.2}% 16
\BOOKMARK [2][-]{subsection.2.2.1}{\376\377\000V\000u\000l\000n\000e\000r\000a\000b\000i\000l\000i\000d\000a\000d\000e\000s\000\040\000e\000\040\000c\000o\000m\000o\000\040\000c\000o\000m\000b\000a\000t\000\352\000-\000l\000a\000s}{section.2.2}% 17
\BOOKMARK [2][-]{subsection.2.2.2}{\376\377\000S\000o\000f\000t\000w\000a\000r\000e\000s\000\040\000u\000s\000a\000d\000o\000s\000\040\000p\000a\000r\000a\000\040\000a\000n\000\341\000l\000i\000s\000e\000s}{section.2.2}% 18
\BOOKMARK [0][-]{chapter.3}{\376\377\000S\000o\000l\000u\000\347\000\365\000e\000s\000\040\000d\000e\000\040\000s\000e\000g\000u\000r\000a\000n\000\347\000a}{}% 19
\BOOKMARK [1][-]{section.3.1}{\376\377\000S\000o\000l\000u\000\347\000\365\000e\000s\000\040\000p\000a\000r\000a\000\040\000o\000\040\000u\000s\000u\000\341\000r\000i\000o}{chapter.3}% 20
\BOOKMARK [1][-]{section.3.2}{\376\377\000S\000o\000l\000u\000\347\000\365\000e\000s\000\040\000p\000a\000r\000a\000\040\000e\000m\000p\000r\000e\000s\000a\000s}{chapter.3}% 21
\BOOKMARK [0][-]{chapter.4}{\376\377\000C\000o\000n\000c\000l\000u\000s\000\365\000e\000s}{}% 22
